<?xml version="1.0" encoding="UTF-8"?>
<!-- Generated by org.testng.reporters.JUnitXMLReporter -->
<testsuite hostname="EG1050NB" name="Default test" tests="4" failures="0" timestamp="13 Jun 2017 22:12:52 GMT" time="0.047" errors="0">
  <testcase name="testFullscenario" time="0.016" classname="com.mobiquityinc.packer.PackerTest"/>
  <testcase name="testGetCombination" time="0.016" classname="com.mobiquityinc.util.CombinationTest"/>
  <testcase name="testCorrectParameters" time="0.0" classname="com.mobiquityinc.util.ItemsFileReaderTest"/>
  <testcase name="testInCorrectParameters" time="0.0" classname="com.mobiquityinc.util.ItemsFileReaderTest"/>
</testsuite> <!-- Default test -->
